

How do I implement collection of statistics of a users progress and time used,and what characters the user needs to focus on if the user is struggling with those when the entire alphabet is learned?

To implement collection of statistics for a user's progress, time used, and identify characters the user needs to focus on, we can create a new module that integrates with the existing codebase. Here's a high-level approach to implement this feature:

1. Create a new file for the statistics module.
2. Implement functions to track user progress, time spent, and character accuracy.
3. Integrate the statistics module with the existing training modules.
4. Implement a function to analyze the collected data and provide recommendations.

Let's start by creating a new file for the statistics module:

**File: /home/haaken/github-projects/morserino-koch/morserino32-trainer/js/m32-statistics.js**
```javascript
class M32Statistics {
    constructor() {
        this.sessionStartTime = null;
        this.characterStats = {};
        this.totalCharacters = 0;
        this.correctCharacters = 0;
    }

    startSession() {
        this.sessionStartTime = new Date();
    }

    endSession() {
        const sessionDuration = (new Date() - this.sessionStartTime) / 1000; // in seconds
        return sessionDuration;
    }

    recordCharacter(character, isCorrect) {
        if (!this.characterStats[character]) {
            this.characterStats[character] = { correct: 0, total: 0 };
        }
        this.characterStats[character].total++;
        if (isCorrect) {
            this.characterStats[character].correct++;
            this.correctCharacters++;
        }
        this.totalCharacters++;
    }

    getOverallAccuracy() {
        return this.totalCharacters > 0 ? (this.correctCharacters / this.totalCharacters) * 100 : 0;
    }

    getCharacterAccuracy(character) {
        const stats = this.characterStats[character];
        return stats ? (stats.correct / stats.total) * 100 : 0;
    }

    getCharactersToFocusOn(threshold = 80) {
        return Object.entries(this.characterStats)
            .filter(([char, stats]) => (stats.correct / stats.total) * 100 < threshold)
            .map(([char]) => char);
    }
}
```

Now, let's integrate this statistics module with the existing CW Generator UI:

**File: /home/haaken/github-projects/morserino-koch/morserino32-trainer/js/m32-cw-generator-ui.js**
```javascript
class CwGeneratorUI {
    constructor(m32CommunicationService) {
        // ... existing constructor code ...
        this.statistics = new M32Statistics();
    }

    // ... other existing methods ...

    compareTexts() {
        let received = this.trimReceivedText(this.receiveText.value).toLowerCase();
        let input = this.inputText.value.trim().toLowerCase();

        let [elements, correctCount, totalCount] = this.createHtmlForComparedText(received, input, this.ignoreWhitespace);

        this.inputComparator.replaceChildren(...elements);
        this.lastPercentage = received.length > 0 ? Math.round(correctCount / totalCount * 100) : 0;

        this.correctPercentage.innerText = 'Score: ' + correctCount + '/' + totalCount + ' correct (' + this.lastPercentage + '%)';

        // Update statistics
        for (let i = 0; i < Math.min(received.length, input.length); i++) {
            this.statistics.recordCharacter(input[i], input[i] === received[i]);
        }
    }

    startTrainingSession() {
        this.statistics.startSession();
        // ... other start session logic ...
    }

    endTrainingSession() {
        const sessionDuration = this.statistics.endSession();
        const overallAccuracy = this.statistics.getOverallAccuracy();
        const charactersToFocusOn = this.statistics.getCharactersToFocusOn();

        console.log(`Session duration: ${sessionDuration} seconds`);
        console.log(`Overall accuracy: ${overallAccuracy.toFixed(2)}%`);
        console.log(`Characters to focus on: ${charactersToFocusOn.join(', ')}`);

        // Display results to the user
        this.displayTrainingResults(sessionDuration, overallAccuracy, charactersToFocusOn);
    }

    displayTrainingResults(duration, accuracy, charactersToFocusOn) {
        // Implement this method to show results to the user in the UI
        // For example, you could create a modal or update a specific div with the results
    }
}
```

To make this work, you'll need to:

1. Include the new statistics file in your HTML:

**File: /home/haaken/github-projects/morserino-koch/morserino32-trainer/index.html**
```html
<!-- Add this line where you include your other JavaScript files -->
<script src="js/m32-statistics.js"></script>
```

2. Call `startTrainingSession()` when the user begins a training session and `endTrainingSession()` when they finish.

3. Implement the `displayTrainingResults()` method to show the results to the user in a user-friendly way.

This implementation will:
- Track the time spent in each session
- Record the accuracy for each character
- Calculate overall accuracy
- Identify characters that the user needs to focus on (those with accuracy below 80%)

You can adjust the threshold in the `getCharactersToFocusOn()` method to make it more or less strict.

To further improve this system, you could:
- Persist the statistics data between sessions (e.g., using localStorage)
- Implement a dashboard to show progress over time
- Create targeted exercises focusing on the characters the user struggles with

Remember to respect user privacy and provide options for users to opt-out of data collection if needed.


How do I implement a 30 minute timer, no user practice sessions should exide this. 3 maximum sessions per day?

To implement a 30-minute timer for practice sessions and limit users to 3 maximum sessions per day, we'll need to modify our existing code and add some new functionality. Here's how we can implement this:

1. First, let's update our `M32Statistics` class to include session tracking:

**File: /home/haaken/github-projects/morserino-koch/morserino32-trainer/js/m32-statistics.js**
```javascript
class M32Statistics {
    constructor() {
        this.sessionStartTime = null;
        this.characterStats = {};
        this.totalCharacters = 0;
        this.correctCharacters = 0;
        this.sessionsToday = this.getSessionsToday();
        this.lastSessionDate = this.getLastSessionDate();
    }

    startSession() {
        const today = new Date().toDateString();
        if (today !== this.lastSessionDate) {
            this.sessionsToday = 0;
            this.lastSessionDate = today;
        }

        if (this.sessionsToday >= 3) {
            throw new Error("Maximum sessions for today reached");
        }

        this.sessionStartTime = new Date();
        this.sessionsToday++;
        this.saveSessionData();
    }

    endSession() {
        const sessionDuration = (new Date() - this.sessionStartTime) / 1000; // in seconds
        this.saveSessionData();
        return sessionDuration;
    }

    getRemainingSessionTime() {
        if (!this.sessionStartTime) return 0;
        const elapsedTime = (new Date() - this.sessionStartTime) / 1000;
        return Math.max(0, 1800 - elapsedTime); // 1800 seconds = 30 minutes
    }

    getSessionsToday() {
        return parseInt(localStorage.getItem('sessionsToday') || '0');
    }

    getLastSessionDate() {
        return localStorage.getItem('lastSessionDate') || '';
    }

    saveSessionData() {
        localStorage.setItem('sessionsToday', this.sessionsToday.toString());
        localStorage.setItem('lastSessionDate', this.lastSessionDate);
    }

    // ... (keep other existing methods)
}
```

2. Now, let's update the `CwGeneratorUI` class to use this new functionality:

**File: /home/haaken/github-projects/morserino-koch/morserino32-trainer/js/m32-cw-generator-ui.js**
```javascript
class CwGeneratorUI {
    constructor(m32CommunicationService) {
        // ... existing constructor code ...
        this.statistics = new M32Statistics();
        this.sessionTimer = null;
    }

    // ... other existing methods ...

    startTrainingSession() {
        try {
            this.statistics.startSession();
            this.sessionTimer = setInterval(() => this.updateSessionTimer(), 1000);
            // ... other start session logic ...
        } catch (error) {
            alert(error.message);
            // Disable start button or take appropriate action
        }
    }

    endTrainingSession() {
        clearInterval(this.sessionTimer);
        const sessionDuration = this.statistics.endSession();
        const overallAccuracy = this.statistics.getOverallAccuracy();
        const charactersToFocusOn = this.statistics.getCharactersToFocusOn();

        console.log(`Session duration: ${sessionDuration} seconds`);
        console.log(`Overall accuracy: ${overallAccuracy.toFixed(2)}%`);
        console.log(`Characters to focus on: ${charactersToFocusOn.join(', ')}`);

        this.displayTrainingResults(sessionDuration, overallAccuracy, charactersToFocusOn);
    }

    updateSessionTimer() {
        const remainingTime = this.statistics.getRemainingSessionTime();
        if (remainingTime <= 0) {
            this.endTrainingSession();
        } else {
            // Update timer display
            const minutes = Math.floor(remainingTime / 60);
            const seconds = Math.floor(remainingTime % 60);
            document.getElementById('session-timer').textContent =
                `${minutes.toString().padStart(2, '0')}:${seconds.toString().padStart(2, '0')}`;
        }
    }

    displayTrainingResults(duration, accuracy, charactersToFocusOn) {
        // Implement this method to show results to the user in the UI
        // For example, you could create a modal or update a specific div with the results
    }
}
```

3. Add a timer display to your HTML:

**File: /home/haaken/github-projects/morserino-koch/morserino32-trainer/index.html**
```html
<!-- Add this where you want the timer to appear -->
<div id="session-timer">30:00</div>
```

4. Update the UI to show the number of remaining sessions:

**File: /home/haaken/github-projects/morserino-koch/morserino32-trainer/js/m32-cw-generator-ui.js**
```javascript
class CwGeneratorUI {
    constructor(m32CommunicationService) {
        // ... existing constructor code ...
        this.updateRemainingSessionsDisplay();
    }

    // ... other methods ...

    updateRemainingSessionsDisplay() {
        const remainingSessions = 3 - this.statistics.sessionsToday;
        document.getElementById('remaining-sessions').textContent =
            `Remaining sessions today: ${remainingSessions}`;
    }

    startTrainingSession() {
        try {
            this.statistics.startSession();
            this.sessionTimer = setInterval(() => this.updateSessionTimer(), 1000);
            this.updateRemainingSessionsDisplay();
            // ... other start session logic ...
        } catch (error) {
            alert(error.message);
            // Disable start button or take appropriate action
        }
    }

    endTrainingSession() {
        // ... existing end session code ...
        this.updateRemainingSessionsDisplay();
    }
}
```

5. Add a display for remaining sessions in your HTML:

**File: /home/haaken/github-projects/morserino-koch/morserino32-trainer/index.html**
```html
<!-- Add this where you want the remaining sessions to appear -->
<div id="remaining-sessions"></div>
```

These changes will:

1. Limit each session to 30 minutes.
2. Display a countdown timer during the session.
3. Automatically end the session when the time is up.
4. Limit users to 3 sessions per day.
5. Display the number of remaining sessions for the day.
6. Persist session data between page reloads using localStorage.

Remember to style these new elements and integrate them smoothly into your existing UI. You might also want to add some visual or auditory cues when the session is about to end or when the user has used all their sessions for the day.

Also, consider adding a way for users to manually end a session before the 30 minutes are up, and update the remaining time and sessions accordingly.
