Tabnine AI chat log:

How do I implement this:
Training mode example: First the program sends a series of K's in CW for 30 seconds while the character K is displayed. Then it repeats the procedure with the character M. When that is complete it sends a five characters group using K and M in random places without displaying the signs. It then waits for a five characters input using the keyboard or the morse device, shows the characters you have gotten correct in green, the wrong ones in red.

That continues until the user has gotten 90 % correct of a number of groups, then a new letter is introduced ( for example X ), it is sent for 30 seconds while the character is displayed. Then the lesson continues using the new character until 90% of groups is correct, a new character or prosign is introduced and the lessons continues until all morse characters are learned.

To implement this training mode, we'll need to make several modifications and additions to the existing codebase. I'll outline the steps and provide code snippets for the main components. We'll create a new class called `KochMorseTrainer` to handle this functionality.

First, let's create a new file for our MorseTrainer class:

**File: /home/haaken/github-projects/morserino-koch/morserino32-trainer/js/morse-trainer.js**
```javascript
class KochMorseTrainer {
    constructor(m32CommunicationService, m32Storage) {
        this.m32CommunicationService = m32CommunicationService;
        this.m32Storage = m32Storage;
        this.currentLesson = [];
        this.currentCharacter = '';
        this.lessonProgress = 0;
        this.correctGroups = 0;
        this.totalGroups = 0;
        this.settings = {
            farnsworthTiming: false,
            useRegionalExtras: false,
            regionalExtras: 'ÆØÅ'
        };
        this.morseAlphabet = 'ABCDEFGHIJKLMNOPQRSTUVWXYZ0123456789.,?/=';
    }

    startTraining() {
        this.currentLesson = ['K', 'M'];
        this.startCharacterTraining();
    }

    startCharacterTraining() {
        this.currentCharacter = this.currentLesson[0];
        this.displayCharacter(this.currentCharacter);
        this.sendCharacterForDuration(this.currentCharacter, 30000);
        setTimeout(() => this.startGroupTraining(), 30000);
    }

    startGroupTraining() {
        this.sendRandomGroup();
    }

    sendRandomGroup() {
        let group = this.generateRandomGroup();
        this.sendMorseCode(group);
        this.waitForUserInput(group);
    }

    generateRandomGroup() {
        let group = '';
        for (let i = 0; i < 5; i++) {
            group += this.currentLesson[Math.floor(Math.random() * this.currentLesson.length)];
        }
        return group;
    }

    waitForUserInput(correctGroup) {
        // Implement user input handling here
        // Compare user input with correctGroup
        // Update correctGroups and totalGroups
        // Check if 90% accuracy is achieved
        if (this.checkAccuracy()) {
            this.introduceNewCharacter();
        } else {
            this.sendRandomGroup();
        }
    }

    checkAccuracy() {
        return (this.correctGroups / this.totalGroups) >= 0.9;
    }

    introduceNewCharacter() {
        let nextChar = this.getNextCharacter();
        if (nextChar) {
            this.currentLesson.push(nextChar);
            this.currentCharacter = nextChar;
            this.displayCharacter(this.currentCharacter);
            this.sendCharacterForDuration(this.currentCharacter, 30000);
            setTimeout(() => this.startGroupTraining(), 30000);
        } else {
            this.completeTraining();
        }
    }

    getNextCharacter() {
        for (let char of this.morseAlphabet) {
            if (!this.currentLesson.includes(char)) {
                return char;
            }
        }
        return null;
    }

    completeTraining() {
        console.log("Training complete!");
        // Implement any completion logic here
    }

    sendMorseCode(text) {
        // Use m32CommunicationService to send Morse code
        // Implement Farnsworth timing if enabled in settings
    }

    sendCharacterForDuration(character, duration) {
        // Implement sending a character repeatedly for the specified duration
    }

    displayCharacter(character) {
        // Update UI to display the current character
    }

    updateSettings(newSettings) {
        this.settings = {...this.settings, ...newSettings};
        if (this.settings.useRegionalExtras) {
            this.morseAlphabet += this.settings.regionalExtras;
        }
    }
}
```

Now, let's modify the existing files to integrate this new training mode:

**File: /home/haaken/github-projects/morserino-koch/morserino32-trainer/index.html**
```html
<!-- Add this inside the body, where appropriate -->
<div id="morse-trainer-container" class="container mt-3">
    <h2>Morse Code Trainer</h2>
    <div id="current-character" class="display-1 text-center mb-3"></div>
    <div id="group-display" class="h3 text-center mb-3"></div>
    <input type="text" id="user-input" class="form-control mb-3" placeholder="Enter the group you heard">
    <button id="start-training" class="btn btn-primary">Start Training</button>
    <div id="progress-display" class="mt-3"></div>
</div>

<!-- Add this script tag at the end of the body -->
<script src="js/morse-trainer.js"></script>
```

**File: /home/haaken/github-projects/morserino-koch/morserino32-trainer/js/m32main.js**
```javascript
// Add this near the top of the file
let morseTrainer;

// Modify the init function to include the MorseTrainer initialization
function init() {
    // ... existing code ...

    morseTrainer = new MorseTrainer(m32CommunicationService, m32Storage);

    // Add event listener for the start training button
    document.getElementById('start-training').addEventListener('click', () => {
        morseTrainer.startTraining();
    });

    // ... rest of the existing code ...
}

// Add this function to handle user input
function handleUserInput(input) {
    morseTrainer.checkUserInput(input);
}

// Modify the textReceived function to handle incoming Morse code
function textReceived(value) {
    // ... existing code ...

    if (currentMode === 'morse-trainer') {
        document.getElementById('group-display').textContent = value;
    }

    // ... rest of the existing code ...
}
```

To implement the Farnsworth timing and regional extras, you'll need to modify the `sendMorseCode` function in the `MorseTrainer` class:

**File: /home/haaken/github-projects/morserino-koch/morserino32-trainer/js/morse-trainer.js**
```javascript
sendMorseCode(text) {
    if (this.settings.farnsworthTiming) {
        // Implement Farnsworth timing logic here
        // This involves adding extra space between characters
        // You'll need to calculate the timing based on the current WPM
        // and the desired Farnsworth WPM
    }

    // Use m32CommunicationService to send the Morse code
    this.m32CommunicationService.sendMorseCode(text);
}
```

To add settings for Farnsworth timing and regional extras, update the settings section in the HTML:

**File: /home/haaken/github-projects/morserino-koch/morserino32-trainer/index.html**
```html
<!-- Add this to the existing settings section -->
<div class="form-check">
    <input class="form-check-input" type="checkbox" id="farnsworth-timing">
    <label class="form-check-label" for="farnsworth-timing">
        Enable Farnsworth Timing
    </label>
</div>
<div class="form-check">
    <input class="form-check-input" type="checkbox" id="use-regional-extras">
    <label class="form-check-label" for="use-regional-extras">
        Use Regional Extras
    </label>
</div>
<div class="form-group">
    <label for="regional-extras">Regional Extras</label>
    <input type="text" class="form-control" id="regional-extras" placeholder="e.g., ÆØÅ">
</div>
```

Finally, update the settings handling in the main JavaScript file:

**File: /home/haaken/github-projects/morserino-koch/morserino32-trainer/js/m32main.js**
```javascript
function updateSettings() {
    // ... existing code ...

    let farnsworthTiming = document.getElementById('farnsworth-timing').checked;
    let useRegionalExtras = document.getElementById('use-regional-extras').checked;
    let regionalExtras = document.getElementById('regional-extras').value;

    morseTrainer.updateSettings({
        farnsworthTiming: farnsworthTiming,
        useRegionalExtras: useRegionalExtras,
        regionalExtras: regionalExtras
    });

    // ... rest of the existing code ...
}
```

This implementation provides a basic structure for the Morse code training mode you described. You'll need to fill in some of the details, such as the exact timing calculations for Farnsworth timing, the UI updates for displaying correct/incorrect characters, and the integration with the existing Morserino32 communication.

Remember to test thoroughly and adjust the code as needed to fit with the rest of your application's structure and requirements.

To implement Farnsworth timing in the `sendMorseCode` function of the `MorseTrainer` class, we need to adjust the spacing between characters while keeping the individual character speed constant. Here's how you can modify the function to achieve this:

**File: /home/haaken/github-projects/morserino-koch/morserino32-trainer/js/morse-trainer.js**
```javascript
class MorseTrainer {
    // ... existing code ...

    sendMorseCode(text) {
        if (this.settings.farnsworthTiming) {
            const characterWPM = 18; // Standard character speed
            const overallWPM = this.settings.wpm || 5; // Overall speed (configurable)

            // Calculate extra delay between characters
            const dotLength = 1200 / characterWPM; // milliseconds
            const characterSpace = 3 * dotLength;
            const farnsworthSpace = (60 * 1000 / (50 * overallWPM)) - (60 * 1000 / (50 * characterWPM));
            const extraDelay = Math.max(0, farnsworthSpace - characterSpace);

            // Split text into characters
            const characters = text.split('');

            // Send each character with extra delay
            characters.forEach((char, index) => {
                setTimeout(() => {
                    this.m32CommunicationService.sendMorseCode(char);
                }, index * (characterSpace + extraDelay));
            });
        } else {
            // If Farnsworth timing is not enabled, send as normal
            this.m32CommunicationService.sendMorseCode(text);
        }
    }

    // ... rest of the class ...
}
```

Let's break down the changes:

1. We define two speeds:
   - `characterWPM`: The speed at which individual characters are sent (typically 18-20 WPM).
   - `overallWPM`: The effective speed of the entire message, including extra spacing.

2. We calculate the extra delay needed between characters:
   - `dotLength`: The duration of a dot at the character speed.
   - `characterSpace`: Standard space between characters (3 dots).
   - `farnsworthSpace`: The desired space between characters at the overall speed.
   - `extraDelay`: Additional time to add between characters.

3. We split the input text into individual characters.

4. We use `setTimeout` to send each character with the additional delay between them.

To make this work, you'll need to add a `wpm` property to your settings object:

```javascript
constructor(m32CommunicationService, m32Storage) {
    // ... existing code ...
    this.settings = {
        farnsworthTiming: false,
        useRegionalExtras: false,
        regionalExtras: 'ÆØÅ',
        wpm: 5 // Add this line
    };
    // ... rest of the constructor ...
}
```

And update the settings UI and handling to include a WPM input:

**File: /home/haaken/github-projects/morserino-koch/morserino32-trainer/index.html**
```html
<!-- Add this to the settings section -->
<div class="form-group">
    <label for="wpm-input">Words per Minute (WPM)</label>
    <input type="number" class="form-control" id="wpm-input" min="1" max="30" value="5">
</div>
```

**File: /home/haaken/github-projects/morserino-koch/morserino32-trainer/js/m32main.js**
```javascript
function updateSettings() {
    // ... existing code ...

    let wpm = parseInt(document.getElementById('wpm-input').value, 10);

    morseTrainer.updateSettings({
        // ... other settings ...
        wpm: wpm
    });

    // ... rest of the function ...
}
```

This implementation allows for Farnsworth timing by maintaining a faster character speed while adding extra space between characters to achieve a slower overall speed. The user can adjust the overall WPM, and the function will automatically calculate the necessary delays.

Remember to test this implementation thoroughly, as the exact timing might need fine-tuning based on your specific requirements and the behavior of the Morserino32 device.


How do I implement:
Add signal fading,static, noise ( other morse conversations close by in random pitch, use the MORSE1.txt and MORSE2.txt as source. These text files has blocks seperated by a empty line ) and white noise to imitate more realistic conditions?


To implement signal fading, static, noise, and other morse conversations to imitate more realistic conditions, we'll need to modify the existing code and add some new functionality. We'll use Web Audio API to create these effects. Here's a step-by-step approach to implement this:

1. First, let's create a new file for our audio effects. We'll call it `m32-audio-effects.js`.

**File: /home/haaken/github-projects/morserino-koch/morserino32-trainer/js/m32-audio-effects.js**
```javascript
class M32AudioEffects {
    constructor() {
        this.audioContext = new (window.AudioContext || window.webkitAudioContext)();
        this.oscillator = null;
        this.gainNode = null;
        this.noiseNode = null;
        this.fadeNode = null;
        this.staticNode = null;
        this.backgroundMorseNode = null;
    }

    initializeAudio() {
        // Main oscillator
        this.oscillator = this.audioContext.createOscillator();
        this.oscillator.type = 'sine';
        this.oscillator.frequency.setValueAtTime(600, this.audioContext.currentTime);

        // Gain node for volume control
        this.gainNode = this.audioContext.createGain();
        this.gainNode.gain.setValueAtTime(0, this.audioContext.currentTime);

        // Noise generator
        this.noiseNode = this.audioContext.createBufferSource();
        const noiseBuffer = this.audioContext.createBuffer(1, this.audioContext.sampleRate * 5, this.audioContext.sampleRate);
        const output = noiseBuffer.getChannelData(0);
        for (let i = 0; i < noiseBuffer.length; i++) {
            output[i] = Math.random() * 2 - 1;
        }
        this.noiseNode.buffer = noiseBuffer;
        this.noiseNode.loop = true;

        // Fading effect
        this.fadeNode = this.audioContext.createGain();
        this.fadeNode.gain.setValueAtTime(1, this.audioContext.currentTime);

        // Static effect
        this.staticNode = this.audioContext.createGain();
        this.staticNode.gain.setValueAtTime(0.1, this.audioContext.currentTime);

        // Background Morse conversations
        this.backgroundMorseNode = this.audioContext.createOscillator();
        this.backgroundMorseNode.type = 'sine';
        this.backgroundMorseNode.frequency.setValueAtTime(500, this.audioContext.currentTime);

        // Connect nodes
        this.oscillator.connect(this.gainNode);
        this.noiseNode.connect(this.staticNode);
        this.staticNode.connect(this.gainNode);
        this.backgroundMorseNode.connect(this.gainNode);
        this.gainNode.connect(this.fadeNode);
        this.fadeNode.connect(this.audioContext.destination);

        // Start audio nodes
        this.oscillator.start();
        this.noiseNode.start();
        this.backgroundMorseNode.start();
    }

    setVolume(volume) {
        this.gainNode.gain.setValueAtTime(volume, this.audioContext.currentTime);
    }

    applyFading() {
        const now = this.audioContext.currentTime;
        this.fadeNode.gain.setValueAtTime(1, now);
        this.fadeNode.gain.linearRampToValueAtTime(0.3, now + 2);
        this.fadeNode.gain.linearRampToValueAtTime(1, now + 4);
    }

    setStaticLevel(level) {
        this.staticNode.gain.setValueAtTime(level, this.audioContext.currentTime);
    }

    playBackgroundMorse(message, speed) {
        // Implement Morse code playback logic here
        // Use this.backgroundMorseNode for the audio
    }
}
```

2. Now, let's modify the `m32-cw-generator-ui.js` file to incorporate our new audio effects:

**File: /home/haaken/github-projects/morserino-koch/morserino32-trainer/js/m32-cw-generator-ui.js**
```javascript
// Add this at the top of the file
import { M32AudioEffects } from './m32-audio-effects.js';

// Add this to your class constructor
constructor() {
    // ... existing code ...
    this.audioEffects = new M32AudioEffects();
    this.audioEffects.initializeAudio();
}

// Modify the existing playTone method
playTone(frequency, duration) {
    this.audioEffects.oscillator.frequency.setValueAtTime(frequency, this.audioEffects.audioContext.currentTime);
    this.audioEffects.setVolume(0.5);
    this.audioEffects.applyFading();
    this.audioEffects.setStaticLevel(0.1);

    setTimeout(() => {
        this.audioEffects.setVolume(0);
    }, duration);
}

// Add a new method to load and play background Morse conversations
loadBackgroundMorse() {
    fetch('/MORSE1.txt')
        .then(response => response.text())
        .then(text => {
            const conversations = text.split('\n\n');
            this.playRandomBackgroundMorse(conversations);
        });

    fetch('/MORSE2.txt')
        .then(response => response.text())
        .then(text => {
            const conversations = text.split('\n\n');
            this.playRandomBackgroundMorse(conversations);
        });
}

playRandomBackgroundMorse(conversations) {
    const randomConversation = conversations[Math.floor(Math.random() * conversations.length)];
    this.audioEffects.playBackgroundMorse(randomConversation, 15); // 15 WPM for background

    // Schedule next random conversation
    setTimeout(() => this.playRandomBackgroundMorse(conversations), Math.random() * 10000 + 5000);
}
```

3. Update the `index.html` file to include our new JavaScript file:

**File: /home/haaken/github-projects/morserino-koch/morserino32-trainer/index.html**
```html
<!-- Add this before the closing </body> tag -->
<script src="js/m32-audio-effects.js"></script>
```

4. Finally, call the `loadBackgroundMorse` method when initializing your CW generator:

**File: /home/haaken/github-projects/morserino-koch/morserino32-trainer/js/m32-cw-generator-ui.js**
```javascript
// Add this to your initialization method
initialize() {
    // ... existing code ...
    this.loadBackgroundMorse();
}
```

This implementation does the following:

1. Creates realistic signal fading using the Web Audio API's gain node.
2. Adds static/white noise using a noise generator.
3. Simulates other Morse conversations in the background using text from MORSE1.txt and MORSE2.txt.
4. Allows for adjustable volume and noise levels.

To make this work, you'll need to:

1. Ensure that MORSE1.txt and MORSE2.txt are placed in the correct directory (usually the root of your web server).
2. Implement the Morse code playback logic in the `playBackgroundMorse` method of the `M32AudioEffects` class.
3. Adjust the parameters (like fade timing, static level, etc.) to get the desired effect.

This solution provides a foundation for creating more realistic CW listening conditions. You can further refine the effects by adjusting parameters or adding more complex audio processing.
